2021-10-27 21:11:48[自动打卡][信息]:-------------------------------
2021-10-27 21:11:48[自动打卡][信息]:开始执行2021-10-27-21的打卡任务
2021-10-27 21:11:48[自动打卡][信息]:-------------------------------
2021-10-27 21:11:48[自动打卡][信息]:-------------------------------
2021-10-27 21:11:48[当前选中][信息]:当前选中用户学号: xxxxxxxxxxx
2021-10-27 21:11:48[验证获取][信息]:已获得本次的验证码ID: 1594100145
2021-10-27 21:11:48[验证获取][信息]:Muggle-OCR识别的验证码是: 4xyfxe
2021-10-27 21:11:48[打卡结果][信息]:验证失败,验证码获取或者识别失败
2021-10-27 21:11:48[打卡结果][信息]:第1次打卡尝试失败，即将重试打卡
2021-10-27 21:11:49[验证获取][信息]:已获得本次的验证码ID: 4759434225
2021-10-27 21:11:49[验证获取][信息]:Muggle-OCR识别的验证码是: n5npam
2021-10-27 21:11:49[打卡结果][信息]:验证失败,验证码获取或者识别失败
2021-10-27 21:11:49[打卡结果][信息]:第2次打卡尝试失败，即将重试打卡
2021-10-27 21:11:49[验证获取][信息]:已获得本次的验证码ID: 6371647233
2021-10-27 21:11:49[验证获取][信息]:Muggle-OCR验证码获取失败!!!!!!!
2021-10-27 21:11:49[打卡结果][信息]:验证失败,验证码获取或者识别失败
2021-10-27 21:11:49[打卡结果][信息]:第3次打卡尝试失败，即将重试打卡
2021-10-27 21:11:50[验证获取][信息]:已获得本次的验证码ID: 3011870680
2021-10-27 21:11:50[验证获取][信息]:Muggle-OCR识别的验证码是: g5278n
2021-10-27 21:11:50[打卡结果][信息]:系统故障,请手动打卡等待系统修复
2021-10-27 21:11:50[打卡结果][信息]:第4次打卡尝试失败，即将重试打卡
2021-10-27 21:11:50[验证获取][信息]:已获得本次的验证码ID: 0535216631
2021-10-27 21:11:50[验证获取][信息]:Muggle-OCR识别的验证码是: g5fnpn
2021-10-27 21:11:50[打卡结果][信息]:系统故障,请手动打卡等待系统修复
2021-10-27 21:11:50[打卡结果][信息]:第5次打卡尝试失败，即将重试打卡
2021-10-27 21:11:51[验证获取][信息]:已获得本次的验证码ID: 2798132206
2021-10-27 21:11:51[验证获取][信息]:Muggle-OCR验证码获取失败!!!!!!!
2021-10-27 21:11:51[打卡结果][信息]:验证失败,验证码获取或者识别失败
2021-10-27 21:11:51[打卡结果][信息]:第6次打卡尝试失败，即将重试打卡
2021-10-27 21:11:51[验证获取][信息]:已获得本次的验证码ID: 1158692845
2021-10-27 21:11:51[验证获取][信息]:Muggle-OCR验证码获取失败!!!!!!!
2021-10-27 21:11:51[打卡结果][信息]:验证失败,验证码获取或者识别失败
2021-10-27 21:11:51[打卡结果][信息]:第7次打卡尝试失败，即将重试打卡
2021-10-27 21:11:52[验证获取][信息]:已获得本次的验证码ID: 1183142092
2021-10-27 21:11:52[验证获取][信息]:Muggle-OCR识别的验证码是: d5xxeb
2021-10-27 21:11:52[打卡结果][信息]:系统故障,请手动打卡等待系统修复
2021-10-27 21:11:52[打卡结果][信息]:第8次打卡尝试失败，即将重试打卡
2021-10-27 21:11:52[验证获取][信息]:已获得本次的验证码ID: 0575356892
2021-10-27 21:11:52[验证获取][信息]:Muggle-OCR识别的验证码是: 8nd2mn
2021-10-27 21:11:52[打卡结果][信息]:验证失败,验证码获取或者识别失败
2021-10-27 21:11:52[打卡结果][信息]:第9次打卡尝试失败，即将重试打卡
2021-10-27 21:11:53[验证获取][信息]:已获得本次的验证码ID: 3591075728
2021-10-27 21:11:53[验证获取][信息]:Muggle-OCR识别的验证码是: n7gfgy
2021-10-27 21:11:53[打卡结果][信息]:验证失败,验证码获取或者识别失败
2021-10-27 21:11:53[打卡结果][信息]:此用户全部打卡尝试失败,跳过打卡
2021-10-27 21:11:53[自动打卡][信息]:-------------------------------
2021-10-27 21:11:53[当前选中][信息]:当前选中用户学号: xxxxxxxxxxx
2021-10-27 21:11:53[验证获取][信息]:已获得本次的验证码ID: 9240012161
2021-10-27 21:11:53[验证获取][信息]:Muggle-OCR识别的验证码是: dpgmfd
2021-10-27 21:11:53[打卡结果][信息]:系统故障,请手动打卡等待系统修复
2021-10-27 21:11:53[打卡结果][信息]:第1次打卡尝试失败，即将重试打卡
2021-10-27 21:11:54[验证获取][信息]:已获得本次的验证码ID: 4962615408
2021-10-27 21:11:54[验证获取][信息]:Muggle-OCR识别的验证码是: e7aecd
2021-10-27 21:11:54[打卡结果][信息]:系统故障,请手动打卡等待系统修复
2021-10-27 21:11:54[打卡结果][信息]:第2次打卡尝试失败，即将重试打卡
2021-10-27 21:11:54[验证获取][信息]:已获得本次的验证码ID: 4045817611
2021-10-27 21:11:54[验证获取][信息]:Muggle-OCR识别的验证码是: 5ny7a3
2021-10-27 21:11:54[打卡结果][信息]:系统故障,请手动打卡等待系统修复
2021-10-27 21:11:54[打卡结果][信息]:第3次打卡尝试失败，即将重试打卡
2021-10-27 21:11:55[验证获取][信息]:已获得本次的验证码ID: 7289997641
2021-10-27 21:11:55[验证获取][信息]:Muggle-OCR识别的验证码是: 576ee2
2021-10-27 21:11:55[打卡结果][信息]:系统故障,请手动打卡等待系统修复
2021-10-27 21:11:55[打卡结果][信息]:第4次打卡尝试失败，即将重试打卡
2021-10-27 21:11:55[验证获取][信息]:已获得本次的验证码ID: 8945492723
2021-10-27 21:11:55[验证获取][信息]:Muggle-OCR验证码获取失败!!!!!!!
2021-10-27 21:11:55[打卡结果][信息]:验证失败,验证码获取或者识别失败
2021-10-27 21:11:55[打卡结果][信息]:第5次打卡尝试失败，即将重试打卡
2021-10-27 21:11:56[验证获取][信息]:已获得本次的验证码ID: 3858581965
2021-10-27 21:11:56[验证获取][信息]:Muggle-OCR识别的验证码是: 7y2bxp
2021-10-27 21:11:56[打卡结果][信息]:验证失败,验证码获取或者识别失败
2021-10-27 21:11:56[打卡结果][信息]:第6次打卡尝试失败，即将重试打卡
2021-10-27 21:11:56[验证获取][信息]:已获得本次的验证码ID: 1659235472
2021-10-27 21:11:56[验证获取][信息]:Muggle-OCR识别的验证码是: agcanx
2021-10-27 21:11:56[打卡结果][信息]:验证失败,验证码获取或者识别失败
2021-10-27 21:11:56[打卡结果][信息]:第7次打卡尝试失败，即将重试打卡
2021-10-27 21:11:57[验证获取][信息]:已获得本次的验证码ID: 7222832096
2021-10-27 21:11:57[验证获取][信息]:Muggle-OCR验证码获取失败!!!!!!!
2021-10-27 21:11:57[打卡结果][信息]:验证失败,验证码获取或者识别失败
2021-10-27 21:11:57[打卡结果][信息]:第8次打卡尝试失败，即将重试打卡
2021-10-27 21:11:57[验证获取][信息]:已获得本次的验证码ID: 1371903664
2021-10-27 21:11:57[验证获取][信息]:Muggle-OCR识别的验证码是: n5yw7f
2021-10-27 21:11:57[打卡结果][信息]:系统故障,请手动打卡等待系统修复
2021-10-27 21:11:57[打卡结果][信息]:第9次打卡尝试失败，即将重试打卡
2021-10-27 21:11:58[验证获取][信息]:已获得本次的验证码ID: 5928084509
2021-10-27 21:11:58[验证获取][信息]:Muggle-OCR验证码获取失败!!!!!!!
2021-10-27 21:11:58[打卡结果][信息]:验证失败,验证码获取或者识别失败
2021-10-27 21:11:58[打卡结果][信息]:此用户全部打卡尝试失败,跳过打卡
2021-10-27 21:11:58[自动打卡][信息]:-------------------------------
2021-10-27 21:11:58[当前选中][信息]:当前选中用户学号: xxxxxxxxxxxxx
2021-10-27 21:11:58[验证获取][信息]:已获得本次的验证码ID: 7397964989
2021-10-27 21:11:58[验证获取][信息]:Muggle-OCR识别的验证码是: e6bcam
2021-10-27 21:11:58[打卡结果][信息]:验证失败,验证码获取或者识别失败
2021-10-27 21:11:58[打卡结果][信息]:第1次打卡尝试失败，即将重试打卡
2021-10-27 21:11:59[验证获取][信息]:已获得本次的验证码ID: 1702643806
2021-10-27 21:11:59[验证获取][信息]:Muggle-OCR识别的验证码是: 3xxa84
2021-10-27 21:11:59[打卡结果][信息]:验证失败,验证码获取或者识别失败
2021-10-27 21:11:59[打卡结果][信息]:第2次打卡尝试失败，即将重试打卡
2021-10-27 21:11:59[验证获取][信息]:已获得本次的验证码ID: 8607734986
2021-10-27 21:11:59[验证获取][信息]:Muggle-OCR识别的验证码是: ee28w8
2021-10-27 21:11:59[打卡结果][信息]:系统故障,请手动打卡等待系统修复
2021-10-27 21:11:59[打卡结果][信息]:第3次打卡尝试失败，即将重试打卡
2021-10-27 21:12:00[验证获取][信息]:已获得本次的验证码ID: 7391254405
2021-10-27 21:12:00[验证获取][信息]:Muggle-OCR识别的验证码是: 64pcfc
2021-10-27 21:12:00[打卡结果][信息]:系统故障,请手动打卡等待系统修复
2021-10-27 21:12:00[打卡结果][信息]:第4次打卡尝试失败，即将重试打卡
2021-10-27 21:12:00[验证获取][信息]:已获得本次的验证码ID: 4094773453
2021-10-27 21:12:00[验证获取][信息]:Muggle-OCR识别的验证码是: cxfx7m
2021-10-27 21:12:00[打卡结果][信息]:系统故障,请手动打卡等待系统修复
2021-10-27 21:12:00[打卡结果][信息]:第5次打卡尝试失败，即将重试打卡
2021-10-27 21:12:01[验证获取][信息]:已获得本次的验证码ID: 8168216511
2021-10-27 21:12:01[验证获取][信息]:Muggle-OCR验证码获取失败!!!!!!!
2021-10-27 21:12:01[打卡结果][信息]:验证失败,验证码获取或者识别失败
2021-10-27 21:12:01[打卡结果][信息]:第6次打卡尝试失败，即将重试打卡
2021-10-27 21:12:01[验证获取][信息]:已获得本次的验证码ID: 7551038088
2021-10-27 21:12:01[验证获取][信息]:Muggle-OCR识别的验证码是: ny43nm
2021-10-27 21:12:01[打卡结果][信息]:验证失败,验证码获取或者识别失败
2021-10-27 21:12:01[打卡结果][信息]:第7次打卡尝试失败，即将重试打卡
2021-10-27 21:12:02[验证获取][信息]:已获得本次的验证码ID: 4138088372
2021-10-27 21:12:02[验证获取][信息]:Muggle-OCR识别的验证码是: 7n68a2
2021-10-27 21:12:02[打卡结果][信息]:验证失败,验证码获取或者识别失败
2021-10-27 21:12:02[打卡结果][信息]:第8次打卡尝试失败，即将重试打卡
2021-10-27 21:12:02[验证获取][信息]:已获得本次的验证码ID: 4615780927
2021-10-27 21:12:02[验证获取][信息]:Muggle-OCR识别的验证码是: n2fnnb
2021-10-27 21:12:02[打卡结果][信息]:系统故障,请手动打卡等待系统修复
2021-10-27 21:12:02[打卡结果][信息]:第9次打卡尝试失败，即将重试打卡
2021-10-27 21:12:03[验证获取][信息]:已获得本次的验证码ID: 7030435803
2021-10-27 21:12:03[验证获取][信息]:Muggle-OCR识别的验证码是: d68agw
2021-10-27 21:12:03[打卡结果][信息]:系统故障,请手动打卡等待系统修复
2021-10-27 21:12:03[打卡结果][信息]:此用户全部打卡尝试失败,跳过打卡
2021-10-27 21:12:03[自动打卡][信息]:-------------------------------
2021-10-27 21:12:03[自动打卡][信息]:成功完成2021-10-27-21的打卡任务
2021-10-27 21:12:03[自动打卡][信息]:-------------------------------
2021-10-27 21:12:35[自动打卡][信息]:-------------------------------
2021-10-27 21:12:35[自动打卡][信息]:开始执行2021-10-27-21的打卡任务
2021-10-27 21:12:35[自动打卡][信息]:-------------------------------
2021-10-27 21:12:35[自动打卡][信息]:-------------------------------
2021-10-27 21:12:35[当前选中][信息]:当前选中用户学号: xxxxxxxxxxx
2021-10-27 21:12:36[验证获取][信息]:已获得本次的验证码ID: 8558290042
2021-10-27 21:12:36[验证获取][信息]:Muggle-OCR识别的验证码是: ebgyx4
2021-10-27 21:12:36[打卡结果][信息]:验证失败,验证码获取或者识别失败
2021-10-27 21:12:36[打卡结果][信息]:第1次打卡尝试失败，即将重试打卡
2021-10-27 21:12:36[验证获取][信息]:已获得本次的验证码ID: 7978487727
2021-10-27 21:12:36[验证获取][信息]:Muggle-OCR识别的验证码是: wmm87d
2021-10-27 21:12:36[打卡结果][信息]:验证失败,验证码获取或者识别失败
2021-10-27 21:12:36[打卡结果][信息]:第2次打卡尝试失败，即将重试打卡
2021-10-27 21:12:37[验证获取][信息]:已获得本次的验证码ID: 7497109205
2021-10-27 21:12:37[验证获取][信息]:Muggle-OCR识别的验证码是: 6x5fx5
2021-10-27 21:12:37[打卡结果][信息]:系统故障,请手动打卡等待系统修复
2021-10-27 21:12:37[打卡结果][信息]:第3次打卡尝试失败，即将重试打卡
2021-10-27 21:12:37[验证获取][信息]:已获得本次的验证码ID: 4850457382
2021-10-27 21:12:37[验证获取][信息]:Muggle-OCR验证码获取失败!!!!!!!
2021-10-27 21:12:37[打卡结果][信息]:验证失败,验证码获取或者识别失败
2021-10-27 21:12:37[打卡结果][信息]:第4次打卡尝试失败，即将重试打卡
2021-10-27 21:12:38[验证获取][信息]:已获得本次的验证码ID: 3168591001
2021-10-27 21:12:38[验证获取][信息]:Muggle-OCR识别的验证码是: 4dc43n
2021-10-27 21:12:38[打卡结果][信息]:系统故障,请手动打卡等待系统修复
2021-10-27 21:12:38[打卡结果][信息]:第5次打卡尝试失败，即将重试打卡
2021-10-27 21:12:38[验证获取][信息]:已获得本次的验证码ID: 3478179892
2021-10-27 21:12:38[验证获取][信息]:Muggle-OCR识别的验证码是: dbyg2n
2021-10-27 21:12:38[打卡结果][信息]:系统故障,请手动打卡等待系统修复
2021-10-27 21:12:38[打卡结果][信息]:第6次打卡尝试失败，即将重试打卡
2021-10-27 21:12:39[验证获取][信息]:已获得本次的验证码ID: 5217199457
2021-10-27 21:12:39[验证获取][信息]:Muggle-OCR识别的验证码是: w64w2e
2021-10-27 21:12:39[打卡结果][信息]:验证失败,验证码获取或者识别失败
2021-10-27 21:12:39[打卡结果][信息]:第7次打卡尝试失败，即将重试打卡
2021-10-27 21:12:39[验证获取][信息]:已获得本次的验证码ID: 4452745977
2021-10-27 21:12:39[验证获取][信息]:Muggle-OCR识别的验证码是: pccfan
2021-10-27 21:12:39[打卡结果][信息]:验证失败,验证码获取或者识别失败
2021-10-27 21:12:39[打卡结果][信息]:第8次打卡尝试失败，即将重试打卡
2021-10-27 21:12:40[验证获取][信息]:已获得本次的验证码ID: 9983030428
2021-10-27 21:12:40[验证获取][信息]:Muggle-OCR识别的验证码是: dwe7wy
2021-10-27 21:12:40[打卡结果][信息]:系统故障,请手动打卡等待系统修复
2021-10-27 21:12:40[打卡结果][信息]:第9次打卡尝试失败，即将重试打卡
2021-10-27 21:12:40[验证获取][信息]:已获得本次的验证码ID: 1760490194
2021-10-27 21:12:40[验证获取][信息]:Muggle-OCR验证码获取失败!!!!!!!
2021-10-27 21:12:40[打卡结果][信息]:验证失败,验证码获取或者识别失败
2021-10-27 21:12:40[打卡结果][信息]:此用户全部打卡尝试失败,跳过打卡
2021-10-27 21:12:40[自动打卡][信息]:-------------------------------
2021-10-27 21:12:40[当前选中][信息]:当前选中用户学号: xxxxxxxxxxx
2021-10-27 21:12:41[验证获取][信息]:已获得本次的验证码ID: 7290178042
2021-10-27 21:12:41[验证获取][信息]:Muggle-OCR验证码获取失败!!!!!!!
2021-10-27 21:12:41[打卡结果][信息]:验证失败,验证码获取或者识别失败
2021-10-27 21:12:41[打卡结果][信息]:第1次打卡尝试失败，即将重试打卡
2021-10-27 21:12:41[验证获取][信息]:已获得本次的验证码ID: 5711087673
2021-10-27 21:12:41[验证获取][信息]:Muggle-OCR识别的验证码是: nm6a5y
2021-10-27 21:12:41[打卡结果][信息]:系统故障,请手动打卡等待系统修复
2021-10-27 21:12:41[打卡结果][信息]:第2次打卡尝试失败，即将重试打卡
2021-10-27 21:12:42[验证获取][信息]:已获得本次的验证码ID: 6585911668
2021-10-27 21:12:42[验证获取][信息]:Muggle-OCR识别的验证码是: 44bf2p
2021-10-27 21:12:42[打卡结果][信息]:系统故障,请手动打卡等待系统修复
2021-10-27 21:12:42[打卡结果][信息]:第3次打卡尝试失败，即将重试打卡
2021-10-27 21:12:42[验证获取][信息]:已获得本次的验证码ID: 2594160115
2021-10-27 21:12:42[验证获取][信息]:Muggle-OCR验证码获取失败!!!!!!!
2021-10-27 21:12:42[打卡结果][信息]:验证失败,验证码获取或者识别失败
2021-10-27 21:12:42[打卡结果][信息]:第4次打卡尝试失败，即将重试打卡
2021-10-27 21:12:43[验证获取][信息]:已获得本次的验证码ID: 8031498084
2021-10-27 21:12:43[验证获取][信息]:Muggle-OCR识别的验证码是: 2pdy3e
2021-10-27 21:12:43[打卡结果][信息]:验证失败,验证码获取或者识别失败
2021-10-27 21:12:43[打卡结果][信息]:第5次打卡尝试失败，即将重试打卡
2021-10-27 21:12:43[验证获取][信息]:已获得本次的验证码ID: 1848431778
2021-10-27 21:12:43[验证获取][信息]:Muggle-OCR识别的验证码是: 6n338n
2021-10-27 21:12:43[打卡结果][信息]:验证失败,验证码获取或者识别失败
2021-10-27 21:12:43[打卡结果][信息]:第6次打卡尝试失败，即将重试打卡
2021-10-27 21:12:44[验证获取][信息]:已获得本次的验证码ID: 6552634957
2021-10-27 21:12:44[验证获取][信息]:Muggle-OCR识别的验证码是: 6dp8ca
2021-10-27 21:12:44[打卡结果][信息]:系统故障,请手动打卡等待系统修复
2021-10-27 21:12:44[打卡结果][信息]:第7次打卡尝试失败，即将重试打卡
2021-10-27 21:12:44[验证获取][信息]:已获得本次的验证码ID: 3852163299
2021-10-27 21:12:44[验证获取][信息]:Muggle-OCR识别的验证码是: fp5pg7
2021-10-27 21:12:44[打卡结果][信息]:系统故障,请手动打卡等待系统修复
2021-10-27 21:12:44[打卡结果][信息]:第8次打卡尝试失败，即将重试打卡
2021-10-27 21:12:45[验证获取][信息]:已获得本次的验证码ID: 9600891157
2021-10-27 21:12:45[验证获取][信息]:Muggle-OCR验证码获取失败!!!!!!!
2021-10-27 21:12:45[打卡结果][信息]:验证失败,验证码获取或者识别失败
2021-10-27 21:12:45[打卡结果][信息]:第9次打卡尝试失败，即将重试打卡
2021-10-27 21:12:45[验证获取][信息]:已获得本次的验证码ID: 9388066452
2021-10-27 21:12:45[验证获取][信息]:Muggle-OCR识别的验证码是: n736f4
2021-10-27 21:12:45[打卡结果][信息]:系统故障,请手动打卡等待系统修复
2021-10-27 21:12:45[打卡结果][信息]:此用户全部打卡尝试失败,跳过打卡
2021-10-27 21:12:45[自动打卡][信息]:-------------------------------
2021-10-27 21:12:45[当前选中][信息]:当前选中用户学号: xxxxxxxxxxxxx
2021-10-27 21:12:46[验证获取][信息]:已获得本次的验证码ID: 7616816162
2021-10-27 21:12:46[验证获取][信息]:Muggle-OCR识别的验证码是: iy4fga
2021-10-27 21:12:46[打卡结果][信息]:验证失败,验证码获取或者识别失败
2021-10-27 21:12:46[打卡结果][信息]:第1次打卡尝试失败，即将重试打卡
2021-10-27 21:12:46[验证获取][信息]:已获得本次的验证码ID: 0379017194
2021-10-27 21:12:46[验证获取][信息]:Muggle-OCR识别的验证码是: n82gnf
2021-10-27 21:12:46[打卡结果][信息]:验证失败,验证码获取或者识别失败
2021-10-27 21:12:46[打卡结果][信息]:第2次打卡尝试失败，即将重试打卡
2021-10-27 21:12:47[验证获取][信息]:已获得本次的验证码ID: 7263959587
2021-10-27 21:12:47[验证获取][信息]:Muggle-OCR识别的验证码是: 3gcbb5
2021-10-27 21:12:47[打卡结果][信息]:系统故障,请手动打卡等待系统修复
2021-10-27 21:12:47[打卡结果][信息]:第3次打卡尝试失败，即将重试打卡
2021-10-27 21:12:47[验证获取][信息]:已获得本次的验证码ID: 9967661370
2021-10-27 21:12:47[验证获取][信息]:Muggle-OCR验证码获取失败!!!!!!!
2021-10-27 21:12:47[打卡结果][信息]:验证失败,验证码获取或者识别失败
2021-10-27 21:12:47[打卡结果][信息]:第4次打卡尝试失败，即将重试打卡
2021-10-27 21:12:48[验证获取][信息]:已获得本次的验证码ID: 1919991506
2021-10-27 21:12:48[验证获取][信息]:Muggle-OCR验证码获取失败!!!!!!!
2021-10-27 21:12:48[打卡结果][信息]:验证失败,验证码获取或者识别失败
2021-10-27 21:12:48[打卡结果][信息]:第5次打卡尝试失败，即将重试打卡
2021-10-27 21:12:48[验证获取][信息]:已获得本次的验证码ID: 5177651600
2021-10-27 21:12:48[验证获取][信息]:Muggle-OCR识别的验证码是: 34ea2y
2021-10-27 21:12:48[打卡结果][信息]:系统故障,请手动打卡等待系统修复
2021-10-27 21:12:48[打卡结果][信息]:第6次打卡尝试失败，即将重试打卡
2021-10-27 21:12:49[验证获取][信息]:已获得本次的验证码ID: 7276460159
2021-10-27 21:12:49[验证获取][信息]:Muggle-OCR识别的验证码是: n33b55
2021-10-27 21:12:49[打卡结果][信息]:系统故障,请手动打卡等待系统修复
2021-10-27 21:12:49[打卡结果][信息]:第7次打卡尝试失败，即将重试打卡
2021-10-27 21:12:49[验证获取][信息]:已获得本次的验证码ID: 7270306071
2021-10-27 21:12:49[验证获取][信息]:Muggle-OCR验证码获取失败!!!!!!!
2021-10-27 21:12:49[打卡结果][信息]:验证失败,验证码获取或者识别失败
2021-10-27 21:12:49[打卡结果][信息]:第8次打卡尝试失败，即将重试打卡
2021-10-27 21:12:50[验证获取][信息]:已获得本次的验证码ID: 9064844772
2021-10-27 21:12:50[验证获取][信息]:Muggle-OCR识别的验证码是: 7685bw
2021-10-27 21:12:50[打卡结果][信息]:验证失败,验证码获取或者识别失败
2021-10-27 21:12:50[打卡结果][信息]:第9次打卡尝试失败，即将重试打卡
2021-10-27 21:12:50[验证获取][信息]:已获得本次的验证码ID: 1816329352
2021-10-27 21:12:50[验证获取][信息]:Muggle-OCR识别的验证码是: 6yep4n
2021-10-27 21:12:50[打卡结果][信息]:验证失败,验证码获取或者识别失败
2021-10-27 21:12:50[打卡结果][信息]:此用户全部打卡尝试失败,跳过打卡
2021-10-27 21:12:50[自动打卡][信息]:-------------------------------
2021-10-27 21:12:50[自动打卡][信息]:成功完成2021-10-27-21的打卡任务
2021-10-27 21:12:50[自动打卡][信息]:-------------------------------
